{
  "0 debug pnpm:scope": {
    "selected": 1,
    "workspacePrefix": "C:\\WorkSpace\\A-click\\MD\\pub-fe-lint"
  },
  "1 error pnpm": {
    "errno": 1,
    "code": "ELIFECYCLE",
    "pkgid": "stylelint-config-pub@1.0.0",
    "stage": "test",
    "script": "jest",
    "pkgname": "stylelint-config-pub",
    "err": {
      "name": "pnpm",
      "message": "stylelint-config-pub@1.0.0 test: `jest`\nExit status 1",
      "code": "ELIFECYCLE",
      "stack": "pnpm: stylelint-config-pub@1.0.0 test: `jest`\nExit status 1\n    at EventEmitter.<anonymous> (C:\\Tool\\Git\\usr\\local\\bin\\node_modules\\pnpm\\dist\\pnpm.cjs:106731:20)\n    at EventEmitter.emit (node:events:513:28)\n    at ChildProcess.<anonymous> (C:\\Tool\\Git\\usr\\local\\bin\\node_modules\\pnpm\\dist\\pnpm.cjs:93300:18)\n    at ChildProcess.emit (node:events:513:28)\n    at maybeClose (node:internal/child_process:1100:16)\n    at Process.ChildProcess._handle.onexit (node:internal/child_process:304:5)"
    }
  },
  "2 warn pnpm:global": " Local package.json exists, but node_modules missing, did you mean to install?"
}